Using pre-set license
Built from '2020.3/staging' branch; Version is '2020.3.25f1 (9b9180224418) revision 10195328'; Using compiler version '192528614'; Build Type 'Release'
OS: 'Windows 10  (10.0.19042) 64bit Core' Language: 'en' Physical Memory: 16326 MB
BatchMode: 1, IsHumanControllingUs: 0, StartBugReporterOnCrash: 0, Is64bit: 1, IsPro: 0

COMMAND LINE ARGUMENTS:
J:\unity\2020.3.25f1\Editor\Unity.exe
-adb2
-batchMode
-noUpm
-name
AssetImportWorker0
-projectPath
D:/Store/UNI/Year 2/group/GitHub Desktop/GitHub deasktop try 2/Group 11 - Coursework11/Group 11 - Coursework
-logFile
Logs/AssetImportWorker0.log
-srvPort
64720
Successfully changed project path to: D:/Store/UNI/Year 2/group/GitHub Desktop/GitHub deasktop try 2/Group 11 - Coursework11/Group 11 - Coursework
D:/Store/UNI/Year 2/group/GitHub Desktop/GitHub deasktop try 2/Group 11 - Coursework11/Group 11 - Coursework
Using Asset Import Pipeline V2.
Refreshing native plugins compatible for Editor in 30.00 ms, found 2 plugins.
Preloading 0 native plugins for Editor in 0.00 ms.
Initialize engine version: 2020.3.25f1 (9b9180224418)
[Subsystems] Discovering subsystems at path J:/unity/2020.3.25f1/Editor/Data/Resources/UnitySubsystems
[Subsystems] Discovering subsystems at path D:/Store/UNI/Year 2/group/GitHub Desktop/GitHub deasktop try 2/Group 11 - Coursework11/Group 11 - Coursework/Assets
GfxDevice: creating device client; threaded=0
Direct3D:
    Version:  Direct3D 11.0 [level 11.1]
    Renderer: NVIDIA GeForce GTX 970 (ID=0x13c2)
    Vendor:   
    VRAM:     4043 MB
    Driver:   30.0.15.1179
Initialize mono
Mono path[0] = 'J:/unity/2020.3.25f1/Editor/Data/Managed'
Mono path[1] = 'J:/unity/2020.3.25f1/Editor/Data/MonoBleedingEdge/lib/mono/unityjit'
Mono config path = 'J:/unity/2020.3.25f1/Editor/Data/MonoBleedingEdge/etc'
Using monoOptions --debugger-agent=transport=dt_socket,embedding=1,server=y,suspend=n,address=127.0.0.1:56244
Begin MonoManager ReloadAssembly
Registering precompiled unity dll's ...
Register platform support module: J:/unity/2020.3.25f1/Editor/Data/PlaybackEngines/WindowsStandaloneSupport/UnityEditor.WindowsStandalone.Extensions.dll
Registered in 0.003577 seconds.
Native extension for WindowsStandalone target not found
Refreshing native plugins compatible for Editor in 31.26 ms, found 2 plugins.
Preloading 0 native plugins for Editor in 0.00 ms.
Mono: successfully reloaded assembly
- Completed reload, in  0.637 seconds
Domain Reload Profiling:
	ReloadAssembly (637ms)
		BeginReloadAssembly (68ms)
			ExecutionOrderSort (0ms)
			DisableScriptedObjects (0ms)
			BackupInstance (0ms)
			ReleaseScriptingObjects (0ms)
			CreateAndSetChildDomain (1ms)
		EndReloadAssembly (490ms)
			LoadAssemblies (68ms)
			RebuildTransferFunctionScriptingTraits (0ms)
			SetupTypeCache (160ms)
			ReleaseScriptCaches (0ms)
			RebuildScriptCaches (33ms)
			SetupLoadedEditorAssemblies (174ms)
				LogAssemblyErrors (0ms)
				InitializePlatformSupportModulesInManaged (3ms)
				SetLoadedEditorAssemblies (0ms)
				RefreshPlugins (31ms)
				BeforeProcessingInitializeOnLoad (23ms)
				ProcessInitializeOnLoadAttributes (85ms)
				ProcessInitializeOnLoadMethodAttributes (31ms)
				AfterProcessingInitializeOnLoad (0ms)
				EditorAssembliesLoaded (0ms)
			ExecutionOrderSort2 (0ms)
			AwakeInstancesAfterBackupRestoration (0ms)
Platform modules already initialized, skipping
Registering precompiled user dll's ...
Registered in 0.009061 seconds.
Begin MonoManager ReloadAssembly
Native extension for WindowsStandalone target not found
Refreshing native plugins compatible for Editor in 0.38 ms, found 2 plugins.
Preloading 0 native plugins for Editor in 0.00 ms.
Mono: successfully reloaded assembly
- Completed reload, in  1.079 seconds
Domain Reload Profiling:
	ReloadAssembly (1080ms)
		BeginReloadAssembly (171ms)
			ExecutionOrderSort (0ms)
			DisableScriptedObjects (5ms)
			BackupInstance (0ms)
			ReleaseScriptingObjects (0ms)
			CreateAndSetChildDomain (22ms)
		EndReloadAssembly (851ms)
			LoadAssemblies (103ms)
			RebuildTransferFunctionScriptingTraits (0ms)
			SetupTypeCache (313ms)
			ReleaseScriptCaches (0ms)
			RebuildScriptCaches (43ms)
			SetupLoadedEditorAssemblies (318ms)
				LogAssemblyErrors (0ms)
				InitializePlatformSupportModulesInManaged (4ms)
				SetLoadedEditorAssemblies (0ms)
				RefreshPlugins (0ms)
				BeforeProcessingInitializeOnLoad (76ms)
				ProcessInitializeOnLoadAttributes (222ms)
				ProcessInitializeOnLoadMethodAttributes (10ms)
				AfterProcessingInitializeOnLoad (3ms)
				EditorAssembliesLoaded (0ms)
			ExecutionOrderSort2 (0ms)
			AwakeInstancesAfterBackupRestoration (6ms)
Platform modules already initialized, skipping
========================================================================
Worker process is ready to serve import requests
Launched and connected shader compiler UnityShaderCompiler.exe after 0.07 seconds
Refreshing native plugins compatible for Editor in 0.39 ms, found 2 plugins.
Preloading 0 native plugins for Editor in 0.00 ms.
Unloading 1506 Unused Serialized files (Serialized files now loaded: 0)
System memory in use before: 69.6 MB.
System memory in use after: 69.7 MB.

Unloading 19 unused Assets to reduce memory usage. Loaded Objects now: 1939.
Total: 3.479700 ms (FindLiveObjects: 0.543200 ms CreateObjectMapping: 0.178700 ms MarkObjects: 2.694500 ms  DeleteObjects: 0.061400 ms)

AssetImportParameters requested are different than current active one (requested -> active):
  custom:framework-win-MediaFoundation: 216162199b28c13a410421893ffa2e32 -> 
  custom:video-decoder-ogg-theora: a1e56fd34408186e4bbccfd4996cb3dc -> 
  custom:container-muxer-webm: aa71ff27fc2769a1b78a27578f13a17b -> 
  custom:container-demuxer-webm: 4f35f7cbe854078d1ac9338744f61a02 -> 
  custom:container-demuxer-ogg: 62fdf1f143b41e24485cea50d1cbac27 -> 
  custom:video-encoder-webm-vp8: eb34c28f22e8b96e1ab97ce403110664 -> 
  custom:video-codec-MediaFoundation-h265: 746d11721c4dcdbdad8f713fa42b33f4 -> 
  custom:video-decoder-webm-vp8: 9c59270c3fd7afecdb556c50c9e8de78 -> 
  custom:audio-decoder-ogg-vorbis: bf7c407c2cedff20999df2af8eb42d56 -> 
  custom:audio-encoder-webm-vorbis: bf7c407c2cedff20999df2af8eb42d56 -> 
========================================================================
Received Import Request.
  path: Assets/Scenes/GameLevels
  artifactKey: Guid(3026f77e922a9ee4090dcf1e09fd966f) Importer(815301076,1909f56bfc062723c751e8b465ee728b)
Start importing Assets/Scenes/GameLevels using Guid(3026f77e922a9ee4090dcf1e09fd966f) Importer(815301076,1909f56bfc062723c751e8b465ee728b)  -> (artifact id: '4bd4640ca27c6fc185f374281a4ed80a') in 0.009175 seconds 
  Import took 0.011953 seconds .

========================================================================
Received Import Request.
  Time since last request: 0.000336 seconds.
  path: Assets/Scenes
  artifactKey: Guid(9d81a379030761243af8de7330174520) Importer(815301076,1909f56bfc062723c751e8b465ee728b)
Start importing Assets/Scenes using Guid(9d81a379030761243af8de7330174520) Importer(815301076,1909f56bfc062723c751e8b465ee728b)  -> (artifact id: '9c41e2fa9956abd3d6ff34de508a9b45') in 0.006133 seconds 
  Import took 0.009240 seconds .

========================================================================
Received Import Request.
  Time since last request: 0.248956 seconds.
  path: Assets/Scenes/GameLevels/Belgium.unity
  artifactKey: Guid(f2277b9bc80abfc4c9e04c4715075705) Importer(815301076,1909f56bfc062723c751e8b465ee728b)
Start importing Assets/Scenes/GameLevels/Belgium.unity using Guid(f2277b9bc80abfc4c9e04c4715075705) Importer(815301076,1909f56bfc062723c751e8b465ee728b)  -> (artifact id: '049e78a8c8970159a0db8f5d749310ca') in 0.018058 seconds 
  Import took 0.021121 seconds .

========================================================================
Received Import Request.
  Time since last request: 27.760683 seconds.
  path: Assets/3D Models
  artifactKey: Guid(9fe021655d2aa4343a61cceb963583fc) Importer(815301076,1909f56bfc062723c751e8b465ee728b)
Start importing Assets/3D Models using Guid(9fe021655d2aa4343a61cceb963583fc) Importer(815301076,1909f56bfc062723c751e8b465ee728b)  -> (artifact id: '1a2ecf35b66658b7a07bf37930c1bbb4') in 0.008252 seconds 
  Import took 0.011713 seconds .

========================================================================
Received Import Request.
  Time since last request: 1.005033 seconds.
  path: Assets/3D Models/Objects
  artifactKey: Guid(96c739d7ea1923d4f956a63452a0b002) Importer(815301076,1909f56bfc062723c751e8b465ee728b)
Start importing Assets/3D Models/Objects using Guid(96c739d7ea1923d4f956a63452a0b002) Importer(815301076,1909f56bfc062723c751e8b465ee728b)  -> (artifact id: '792749f80499a1cae902d0588da9c65c') in 0.008458 seconds 
  Import took 0.012012 seconds .

========================================================================
Received Import Request.
  Time since last request: 0.081872 seconds.
  path: Assets/3D Models/Objects/New_Stand.fbx
  artifactKey: Guid(6cbf8d1e31f852b4fab50566a55f2a94) Importer(815301076,1909f56bfc062723c751e8b465ee728b)
Start importing Assets/3D Models/Objects/New_Stand.fbx using Guid(6cbf8d1e31f852b4fab50566a55f2a94) Importer(815301076,1909f56bfc062723c751e8b465ee728b)  -> (artifact id: 'c3f0ed11a4d89e0fa821b578368b784d') in 0.402544 seconds 
  Import took 0.406382 seconds .

========================================================================
Received Import Request.
  Time since last request: 12.849054 seconds.
  path: Assets/Scenes/GameLevels/MainLobby.unity
  artifactKey: Guid(2aa5f8066c6648b47a20d084bd642246) Importer(815301076,1909f56bfc062723c751e8b465ee728b)
Start importing Assets/Scenes/GameLevels/MainLobby.unity using Guid(2aa5f8066c6648b47a20d084bd642246) Importer(815301076,1909f56bfc062723c751e8b465ee728b)  -> (artifact id: 'ac92f69f6058642cdec94ee9e2573aa0') in 0.008415 seconds 
  Import took 0.011516 seconds .

========================================================================
Received Import Request.
  Time since last request: 121.287892 seconds.
  path: Assets/3D Models/Objects/NewStandsWithShop.fbx
  artifactKey: Guid(a914a067f690d034a824eb1108905f5b) Importer(815301076,1909f56bfc062723c751e8b465ee728b)
Start importing Assets/3D Models/Objects/NewStandsWithShop.fbx using Guid(a914a067f690d034a824eb1108905f5b) Importer(815301076,1909f56bfc062723c751e8b465ee728b)  -> (artifact id: 'a9c41dd850ac5bef32abad2396c53d6a') in 0.142045 seconds 
  Import took 0.145580 seconds .

========================================================================
Received Import Request.
  Time since last request: 76.440767 seconds.
  path: Assets/3D Models/Objects/pCube2.prefab
  artifactKey: Guid(31b62b4b33933bf4fbd236f33c8a943a) Importer(815301076,1909f56bfc062723c751e8b465ee728b)
Start importing Assets/3D Models/Objects/pCube2.prefab using Guid(31b62b4b33933bf4fbd236f33c8a943a) Importer(815301076,1909f56bfc062723c751e8b465ee728b)  -> (artifact id: 'd661deb10cd795afe6f8d21427017770') in 0.023237 seconds 
  Import took 0.028024 seconds .

========================================================================
Received Import Request.
  Time since last request: 1.954646 seconds.
  path: Assets/3D Models/Objects/pCube4.prefab
  artifactKey: Guid(ae075fe2d6d5d0049be30a4047a0f632) Importer(815301076,1909f56bfc062723c751e8b465ee728b)
Start importing Assets/3D Models/Objects/pCube4.prefab using Guid(ae075fe2d6d5d0049be30a4047a0f632) Importer(815301076,1909f56bfc062723c751e8b465ee728b)  -> (artifact id: '7f9eb5c9f0ee36d21975be2dbcacff05') in 0.022509 seconds 
  Import took 0.025959 seconds .

========================================================================
Received Import Request.
  Time since last request: 2.139876 seconds.
  path: Assets/3D Models/Objects/pCube5.prefab
  artifactKey: Guid(98c3a5deed09b4643af62399a93a7bb4) Importer(815301076,1909f56bfc062723c751e8b465ee728b)
Start importing Assets/3D Models/Objects/pCube5.prefab using Guid(98c3a5deed09b4643af62399a93a7bb4) Importer(815301076,1909f56bfc062723c751e8b465ee728b)  -> (artifact id: '1cb25be370aa495f07018a77c1fde0f5') in 0.021610 seconds 
  Import took 0.026717 seconds .

========================================================================
Received Import Request.
  Time since last request: 1.585483 seconds.
  path: Assets/3D Models/Objects/pCube6.prefab
  artifactKey: Guid(866217d5d8b735d4898fa503d96198ce) Importer(815301076,1909f56bfc062723c751e8b465ee728b)
Start importing Assets/3D Models/Objects/pCube6.prefab using Guid(866217d5d8b735d4898fa503d96198ce) Importer(815301076,1909f56bfc062723c751e8b465ee728b)  -> (artifact id: 'd096a8a743cbeb3da4cc4a1657c660ea') in 0.019015 seconds 
  Import took 0.023907 seconds .

========================================================================
Received Import Request.
  Time since last request: 1.712380 seconds.
  path: Assets/3D Models/Objects/pCube7.prefab
  artifactKey: Guid(3189393852bea1c4391ebc3dc2d7bd9a) Importer(815301076,1909f56bfc062723c751e8b465ee728b)
Start importing Assets/3D Models/Objects/pCube7.prefab using Guid(3189393852bea1c4391ebc3dc2d7bd9a) Importer(815301076,1909f56bfc062723c751e8b465ee728b)  -> (artifact id: '9446b3463876b3c35418568f453cdfa5') in 0.028490 seconds 
  Import took 0.035297 seconds .

AssetImportWorkerClient::OnTransportError - code=2 error=End of file
